<?xml version="1.0" encoding="UTF-8"?>
<!-- Generated by org.testng.reporters.JUnitReportReporter -->
<testsuite hostname="Devi" failures="0" tests="14" name="runner.CucumberRunner" time="0.501" errors="1" timestamp="2025-01-13T18:22:18 IST" skipped="0">
  <testcase classname="runner.CucumberRunner" name="runScenario" time="0.021"/>
  <system-out/>
  <testcase classname="runner.CucumberRunner" name="runScenario" time="0.017"/>
  <system-out/>
  <testcase classname="runner.CucumberRunner" name="runScenario" time="0.023"/>
  <system-out/>
  <testcase classname="runner.CucumberRunner" name="runScenario" time="0.023"/>
  <system-out/>
  <testcase classname="runner.CucumberRunner" name="runScenario" time="0.024"/>
  <system-out/>
  <testcase classname="runner.CucumberRunner" name="runScenario" time="0.020"/>
  <system-out/>
  <testcase classname="runner.CucumberRunner" name="runScenario" time="0.073">
    <error message="The step &#039;user enters valid email id and clicks on subscribe&#039; and 1 other step(s) are undefined.
You can implement these steps using the snippet(s) below:

@When(&quot;user enters valid email id and clicks on subscribe&quot;)
public void user_enters_valid_email_id_and_clicks_on_subscribe() {
    // Write code here that turns the phrase above into concrete actions
    throw new io.cucumber.java.PendingException();
}
@Then(&quot;user should be successfuly subscribe&quot;)
public void user_should_be_successfuly_subscribe() {
    // Write code here that turns the phrase above into concrete actions
    throw new io.cucumber.java.PendingException();
}
" type="io.cucumber.testng.UndefinedStepException">
      <![CDATA[io.cucumber.testng.UndefinedStepException: The step 'user enters valid email id and clicks on subscribe' and 1 other step(s) are undefined.
You can implement these steps using the snippet(s) below:

@When("user enters valid email id and clicks on subscribe")
public void user_enters_valid_email_id_and_clicks_on_subscribe() {
    // Write code here that turns the phrase above into concrete actions
    throw new io.cucumber.java.PendingException();
}
@Then("user should be successfuly subscribe")
public void user_should_be_successfuly_subscribe() {
    // Write code here that turns the phrase above into concrete actions
    throw new io.cucumber.java.PendingException();
}

at io.cucumber.core.runtime.TestCaseResultObserver.assertTestCasePassed(TestCaseResultObserver.java:69)
at io.cucumber.testng.TestCaseResultObserver.assertTestCasePassed(TestCaseResultObserver.java:23)
at io.cucumber.testng.TestNGCucumberRunner.lambda$runScenario$1(TestNGCucumberRunner.java:133)
at io.cucumber.core.runtime.CucumberExecutionContext.lambda$runTestCase$5(CucumberExecutionContext.java:137)
at io.cucumber.core.runtime.RethrowingThrowableCollector.executeAndThrow(RethrowingThrowableCollector.java:23)
at io.cucumber.core.runtime.CucumberExecutionContext.runTestCase(CucumberExecutionContext.java:137)
at io.cucumber.testng.TestNGCucumberRunner.runScenario(TestNGCucumberRunner.java:129)
at io.cucumber.testng.AbstractTestNGCucumberTests.runScenario(AbstractTestNGCucumberTests.java:35)
at java.base/jdk.internal.reflect.DirectMethodHandleAccessor.invoke(DirectMethodHandleAccessor.java:103)
at java.base/java.lang.reflect.Method.invoke(Method.java:580)
at org.testng.internal.MethodInvocationHelper.invokeMethod(MethodInvocationHelper.java:133)
at org.testng.internal.TestInvoker.invokeMethod(TestInvoker.java:598)
at org.testng.internal.TestInvoker.invokeTestMethod(TestInvoker.java:173)
at org.testng.internal.MethodRunner.runInSequence(MethodRunner.java:46)
at org.testng.internal.TestInvoker$MethodInvocationAgent.invoke(TestInvoker.java:824)
at org.testng.internal.TestInvoker.invokeTestMethods(TestInvoker.java:146)
at org.testng.internal.TestMethodWorker.invokeTestMethods(TestMethodWorker.java:146)
at org.testng.internal.TestMethodWorker.run(TestMethodWorker.java:128)
at java.base/java.util.ArrayList.forEach(ArrayList.java:1596)
at org.testng.TestRunner.privateRun(TestRunner.java:794)
at org.testng.TestRunner.run(TestRunner.java:596)
at org.testng.SuiteRunner.runTest(SuiteRunner.java:377)
at org.testng.SuiteRunner.runSequentially(SuiteRunner.java:371)
at org.testng.SuiteRunner.privateRun(SuiteRunner.java:332)
at org.testng.SuiteRunner.run(SuiteRunner.java:276)
at org.testng.SuiteRunnerWorker.runSuite(SuiteRunnerWorker.java:53)
at org.testng.SuiteRunnerWorker.run(SuiteRunnerWorker.java:96)
at org.testng.TestNG.runSuitesSequentially(TestNG.java:1212)
at org.testng.TestNG.runSuitesLocally(TestNG.java:1134)
at org.testng.TestNG.runSuites(TestNG.java:1063)
at org.testng.TestNG.run(TestNG.java:1031)
at org.testng.remote.AbstractRemoteTestNG.run(AbstractRemoteTestNG.java:115)
at org.testng.remote.RemoteTestNG.initAndRun(RemoteTestNG.java:293)
at org.testng.remote.RemoteTestNG.main(RemoteTestNG.java:91)
]]>
    </error>
  </testcase> <!-- runScenario -->
  <system-out/>
  <testcase classname="runner.CucumberRunner" name="runScenario" time="0.021"/>
  <system-out/>
  <testcase classname="runner.CucumberRunner" name="runScenario" time="0.008"/>
  <system-out/>
  <testcase classname="runner.CucumberRunner" name="runScenario" time="0.199"/>
  <system-out/>
  <testcase classname="runner.CucumberRunner" name="runScenario" time="0.025"/>
  <system-out/>
  <testcase classname="runner.CucumberRunner" name="runScenario" time="0.015"/>
  <system-out/>
  <testcase classname="runner.CucumberRunner" name="runScenario" time="0.022"/>
  <system-out/>
  <testcase classname="runner.CucumberRunner" name="runScenario" time="0.010"/>
  <system-out/>
</testsuite> <!-- runner.CucumberRunner -->
